#
# There is insufficient memory for the Java Runtime Environment to continue.
# Native memory allocation (mmap) failed to map 268435456 bytes for G1 virtual space
# Possible reasons:
#   The system is out of physical RAM or swap space
#   The process is running with CompressedOops enabled, and the Java Heap may be blocking the growth of the native heap
# Possible solutions:
#   Reduce memory load on the system
#   Increase physical memory or swap space
#   Check if swap backing store is full
#   Decrease Java heap size (-Xmx/-Xms)
#   Decrease number of Java threads
#   Decrease Java thread stack sizes (-Xss)
#   Set larger code cache with -XX:ReservedCodeCacheSize=
#   JVM is running with Zero Based Compressed Oops mode in which the Java heap is
#     placed in the first 32GB address space. The Java Heap base address is the
#     maximum limit for the native heap growth. Please use -XX:HeapBaseMinAddress
#     to set the Java Heap base and to place the Java Heap above 32GB virtual address.
# This output file may be truncated or incomplete.
#
#  Out of Memory Error (./open/src/hotspot/os/windows/os_windows.cpp:3321), pid=7904, tid=8628
#
# JRE version:  (15.0.2+7) (build )
# Java VM: Java HotSpot(TM) 64-Bit Server VM (15.0.2+7-27, mixed mode, sharing, tiered, compressed oops, g1 gc, windows-amd64)
# No core dump will be written. Minidumps are not enabled by default on client versions of Windows
#

---------------  S U M M A R Y ------------

Command Line: -javaagent:C:\Program Files\JetBrains\IntelliJ IDEA 2021.1.3\lib\idea_rt.jar=59610:C:\Program Files\JetBrains\IntelliJ IDEA 2021.1.3\bin -Dfile.encoding=UTF-8 ru.mishin.server.Server

Host: AMD Phenom(tm) II X4 965 Processor, 4 cores, 15G,  Windows 10 , 64 bit Build 19041 (10.0.19041.1)
Time: Tue Apr  5 01:26:12 2022 RTZ 2 (зима) elapsed time: 0.019685 seconds (0d 0h 0m 0s)

---------------  T H R E A D  ---------------

Current thread (0x00000182e32125b0):  JavaThread "Unknown thread" [_thread_in_vm, id=8628, stack(0x0000001ecf400000,0x0000001ecf500000)]

Stack: [0x0000001ecf400000,0x0000001ecf500000]
Native frames: (J=compiled Java code, j=interpreted, Vv=VM code, C=native code)
V  [jvm.dll+0x62ae9a]
V  [jvm.dll+0x7817a9]
V  [jvm.dll+0x782f03]
V  [jvm.dll+0x783563]
V  [jvm.dll+0x216325]
V  [jvm.dll+0x6281d9]
V  [jvm.dll+0x61cf55]
V  [jvm.dll+0x2cffdd]
V  [jvm.dll+0x2cfe42]
V  [jvm.dll+0x2d5e1c]
V  [jvm.dll+0x32590a]
V  [jvm.dll+0x324fd4]
V  [jvm.dll+0x2a6f5a]
V  [jvm.dll+0x2a80f8]
V  [jvm.dll+0x75e241]
V  [jvm.dll+0x3341c4]
V  [jvm.dll+0x73e926]
V  [jvm.dll+0x3b7557]
V  [jvm.dll+0x3b8fe1]
C  [jli.dll+0x52fb]
C  [ucrtbase.dll+0x21542]
C  [KERNEL32.DLL+0x16fd4]
C  [ntdll.dll+0x4cf31]


---------------  P R O C E S S  ---------------

Threads class SMR info:
_java_thread_list=0x00007ffe5a1f4ff0, length=0, elements={
}

Java Threads: ( => current thread )

Other Threads:
  0x00000182e3263550 GCTaskThread "GC Thread#0" [stack: 0x0000001ecf500000,0x0000001ecf600000] [id=8696]
  0x00000182e3274620 ConcurrentGCThread "G1 Main Marker" [stack: 0x0000001ecf600000,0x0000001ecf700000] [id=8740]
  0x00000182e3275210 ConcurrentGCThread "G1 Conc#0" [stack: 0x0000001ecf700000,0x0000001ecf800000] [id=10624]

[error occurred during error reporting (printing all threads), id 0xc0000005, EXCEPTION_ACCESS_VIOLATION (0xc0000005) at pc=0x00007ffe599e7e27]

VM state: not at safepoint (not fully initialized)

VM Mutex/Monitor currently owned by a thread:  ([mutex/lock_event])
[0x00000182e320cc60] Heap_lock - owner thread: 0x00000182e32125b0

Heap address: 0x0000000700800000, size: 4088 MB, Compressed Oops mode: Zero based, Oop shift amount: 3
CDS archive(s) mapped at: [0x0000000000000000-0x0000000000000000-0x0000000000000000), size 0, SharedBaseAddress: 0x0000000800000000, ArchiveRelocationMode: 0.
Narrow klass base: 0x0000000000000000, Narrow klass shift: 0, Narrow klass range: 0x0

Heap:
 garbage-first heap   total 262144K, used 0K [0x0000000700800000, 0x0000000800000000)
  region size 2048K, 0 young (0K), 0 survivors (0K)
 Metaspace       used 0K, capacity 0K, committed 0K, reserved 0K
  class space    used 0K, capacity 0K, committed 0K, reserved 0K

Heap Regions: E=young(eden), S=young(survivor), O=old, HS=humongous(starts), HC=humongous(continues), CS=collection set, F=free, OA=open archive, CA=closed archive, TAMS=top-at-mark-start (previous, next)

Card table byte_map: [0x00000182fac50000,0x00000182fb450000] _byte_map_base: 0x00000182f744c000

Marking Bits (Prev, Next): (CMBitMap*) 0x00000182e3263d40, (CMBitMap*) 0x00000182e3263d80
 Prev Bits: [0x00000182fbc50000, 0x00000182ffc30000)
 Next Bits: [0x0000018280000000, 0x0000018283fe0000)

GC Heap History (0 events):
No events

Deoptimization events (0 events):
No events

Classes unloaded (0 events):
No events

Classes redefined (0 events):
No events

Internal exceptions (0 events):
No events

Events (1 events):
Event: 0.013 Loaded shared library E:\Program Files\Java\jdk-15.0.2\bin\java.dll


Dynamic libraries:
0x00007ff76f4c0000 - 0x00007ff76f4cf000 	E:\Program Files\Java\jdk-15.0.2\bin\java.exe
0x00007ffe93cb0000 - 0x00007ffe93ea4000 	C:\Windows\SYSTEM32\ntdll.dll
0x00007ffe92480000 - 0x00007ffe9253d000 	C:\Windows\System32\KERNEL32.DLL
0x00007ffe91740000 - 0x00007ffe91a07000 	C:\Windows\System32\KERNELBASE.dll
0x00007ffe91430000 - 0x00007ffe91530000 	C:\Windows\System32\ucrtbase.dll
0x00007ffe867b0000 - 0x00007ffe867c8000 	E:\Program Files\Java\jdk-15.0.2\bin\jli.dll
0x00007ffe923d0000 - 0x00007ffe9247a000 	C:\Windows\System32\ADVAPI32.dll
0x00007ffe937a0000 - 0x00007ffe9383e000 	C:\Windows\System32\msvcrt.dll
0x00007ffe933f0000 - 0x00007ffe9348b000 	C:\Windows\System32\sechost.dll
0x00007ffe93490000 - 0x00007ffe935b3000 	C:\Windows\System32\RPCRT4.dll
0x00007ffe93240000 - 0x00007ffe933e0000 	C:\Windows\System32\USER32.dll
0x00007ffe91530000 - 0x00007ffe91552000 	C:\Windows\System32\win32u.dll
0x00007ffe93770000 - 0x00007ffe9379a000 	C:\Windows\System32\GDI32.dll
0x00007ffe91ba0000 - 0x00007ffe91caa000 	C:\Windows\System32\gdi32full.dll
0x00007ffe91cb0000 - 0x00007ffe91d4d000 	C:\Windows\System32\msvcp_win.dll
0x00007ffe84f50000 - 0x00007ffe84f69000 	E:\Program Files\Java\jdk-15.0.2\bin\VCRUNTIME140.dll
0x00007ffe85cc0000 - 0x00007ffe85f5a000 	C:\Windows\WinSxS\amd64_microsoft.windows.common-controls_6595b64144ccf1df_6.0.19041.1_none_b555e41d4684ddec\COMCTL32.dll
0x00007ffe8c0c0000 - 0x00007ffe8c0ca000 	C:\Windows\SYSTEM32\VERSION.dll
0x00007ffe920e0000 - 0x00007ffe92110000 	C:\Windows\System32\IMM32.DLL
0x00007ffe8ab70000 - 0x00007ffe8ab7c000 	E:\Program Files\Java\jdk-15.0.2\bin\vcruntime140_1.dll
0x00007ffe746d0000 - 0x00007ffe74761000 	E:\Program Files\Java\jdk-15.0.2\bin\msvcp140.dll
0x00007ffe59730000 - 0x00007ffe5a28e000 	E:\Program Files\Java\jdk-15.0.2\bin\server\jvm.dll
0x00007ffe933e0000 - 0x00007ffe933e8000 	C:\Windows\System32\PSAPI.DLL
0x00007ffe7f510000 - 0x00007ffe7f519000 	C:\Windows\SYSTEM32\WSOCK32.dll
0x00007ffe931d0000 - 0x00007ffe9323b000 	C:\Windows\System32\WS2_32.dll
0x00007ffe86220000 - 0x00007ffe86247000 	C:\Windows\SYSTEM32\WINMM.dll
0x00007ffe8f3e0000 - 0x00007ffe8f3f3000 	C:\Windows\SYSTEM32\kernel.appcore.dll
0x00007ffe87b40000 - 0x00007ffe87b4a000 	E:\Program Files\Java\jdk-15.0.2\bin\jimage.dll
0x00007ffe7b2f0000 - 0x00007ffe7b4d4000 	C:\Windows\SYSTEM32\DBGHELP.DLL
0x00007ffe7b2a0000 - 0x00007ffe7b2cc000 	C:\Windows\SYSTEM32\dbgcore.DLL
0x00007ffe91b20000 - 0x00007ffe91b9f000 	C:\Windows\System32\bcryptPrimitives.dll
0x00007ffe8ab60000 - 0x00007ffe8ab6e000 	E:\Program Files\Java\jdk-15.0.2\bin\instrument.dll
0x00007ffe84ef0000 - 0x00007ffe84f15000 	E:\Program Files\Java\jdk-15.0.2\bin\java.dll

dbghelp: loaded successfully - version: 4.0.5 - missing functions: none
symbol engine: initialized successfully - sym options: 0x614 - pdb path: .;E:\Program Files\Java\jdk-15.0.2\bin;C:\Windows\SYSTEM32;C:\Windows\WinSxS\amd64_microsoft.windows.common-controls_6595b64144ccf1df_6.0.19041.1_none_b555e41d4684ddec;E:\Program Files\Java\jdk-15.0.2\bin\server

VM Arguments:
jvm_args: -javaagent:C:\Program Files\JetBrains\IntelliJ IDEA 2021.1.3\lib\idea_rt.jar=59610:C:\Program Files\JetBrains\IntelliJ IDEA 2021.1.3\bin -Dfile.encoding=UTF-8 
java_command: ru.mishin.server.Server
java_class_path (initial): C:\Users\popov\IdeaProjects\AlarmClock\target\classes;C:\Users\popov\.m2\repository\com\google\code\gson\gson\2.8.6\gson-2.8.6.jar;C:\Users\popov\.m2\repository\org\postgresql\postgresql\9.4.1212.jre7\postgresql-9.4.1212.jre7.jar;C:\Users\popov\.m2\repository\org\hibernate\hibernate-core\5.2.6.Final\hibernate-core-5.2.6.Final.jar;C:\Users\popov\.m2\repository\org\jboss\logging\jboss-logging\3.3.0.Final\jboss-logging-3.3.0.Final.jar;C:\Users\popov\.m2\repository\org\hibernate\javax\persistence\hibernate-jpa-2.1-api\1.0.0.Final\hibernate-jpa-2.1-api-1.0.0.Final.jar;C:\Users\popov\.m2\repository\org\javassist\javassist\3.20.0-GA\javassist-3.20.0-GA.jar;C:\Users\popov\.m2\repository\antlr\antlr\2.7.7\antlr-2.7.7.jar;C:\Users\popov\.m2\repository\org\apache\geronimo\specs\geronimo-jta_1.1_spec\1.1.1\geronimo-jta_1.1_spec-1.1.1.jar;C:\Users\popov\.m2\repository\org\jboss\jandex\2.0.3.Final\jandex-2.0.3.Final.jar;C:\Users\popov\.m2\repository\com\fasterxml\classmate\1.3.0\classmate-1.3.0.jar;C:\Users\popov\.m2\repository\dom4j\dom4j\1.6.1\dom4j-1.6.1.jar;C:\Users\popov\.m2\repository\org\hibernate\common\hibernate-commons-annotations\5.0.1.Final\hibernate-commons-annotations-5.0.1.Final.jar;C:\Users\popov\.m2\repository\javax\enterprise\cdi-api\1.1\cdi-api-1.1.jar;C:\Users\popov\.m2\repository\javax\el\el-api\2.2\el-api-2.2.jar;C:\Users\popov\.m2\repository\org\jboss\spec\javax\interceptor\jboss-interceptors-api_1.1_spec\1.0.0.Beta1\jboss-interceptors-api_1.1_spec-1.0.0.Beta1.jar;C:\Users\popov\.m2\repository\javax\annotation\jsr250-api\1.0\jsr250-api-1.0.jar;C:\Users\popov\.m2\repository\javax\inject\javax.inject\1\javax.inject-1.jar;C:\Users\popov\.m2\repository\jakarta\xml\bind\jakarta.xml.bind-api\2.3.2\jakarta.xml.bind-api-2.3.2.jar;C:\Users\popov\.m2\repository\jakarta\activation\jakarta.activation-api\1.2.1\jakarta.activation-api-1.2.1.jar;C:\Users\popov\.m2\repository\org\glassfish\jaxb\jaxb-runtime\2.3.2\jaxb-runtime-2.3.2.jar;C:\Users
Launcher Type: SUN_STANDARD

[Global flags]
     intx CICompilerCount                          = 3                                         {product} {ergonomic}
     uint ConcGCThreads                            = 1                                         {product} {ergonomic}
     uint G1ConcRefinementThreads                  = 4                                         {product} {ergonomic}
   size_t G1HeapRegionSize                         = 2097152                                   {product} {ergonomic}
    uintx GCDrainStackTargetSize                   = 64                                        {product} {ergonomic}
   size_t InitialHeapSize                          = 268435456                                 {product} {ergonomic}
   size_t MarkStackSize                            = 4194304                                   {product} {ergonomic}
   size_t MaxHeapSize                              = 4286578688                                {product} {ergonomic}
   size_t MinHeapDeltaBytes                        = 2097152                                   {product} {ergonomic}
   size_t MinHeapSize                              = 8388608                                   {product} {ergonomic}
    uintx NonNMethodCodeHeapSize                   = 5832780                                {pd product} {ergonomic}
    uintx NonProfiledCodeHeapSize                  = 122912730                              {pd product} {ergonomic}
    uintx ProfiledCodeHeapSize                     = 122912730                              {pd product} {ergonomic}
    uintx ReservedCodeCacheSize                    = 251658240                              {pd product} {ergonomic}
     bool SegmentedCodeCache                       = true                                      {product} {ergonomic}
   size_t SoftMaxHeapSize                          = 4286578688                             {manageable} {ergonomic}
     bool UseCompressedClassPointers               = true                                 {lp64_product} {ergonomic}
     bool UseCompressedOops                        = true                                 {lp64_product} {ergonomic}
     bool UseG1GC                                  = true                                      {product} {ergonomic}
     bool UseLargePagesIndividualAllocation        = false                                  {pd product} {ergonomic}

Logging:
Log output configuration:
 #0: stdout all=warning uptime,level,tags
 #1: stderr all=off uptime,level,tags

Environment Variables:
JAVA_HOME=E:\Program Files\Java\jdk-15.0.2\
PATH=C:\Program Files (x86)\Common Files\Oracle\Java\javapath;C:\Windows\system32;C:\Windows;C:\Windows\System32\Wbem;C:\Windows\System32\WindowsPowerShell\v1.0\;C:\Program Files\Git\cmd;F:\Putty\;C:\Users\popov\AppData\Local\Microsoft\WindowsApps;C:\Program Files\JetBrains\IntelliJ IDEA 2021.1.3\bin;;E:\Program Files\Java\jdk-15.0.2\bin;C:\Program Files\JetBrains\PyCharm 2021.2.1\bin;;C:\Program Files\PostgreSQL\14\bin;C:\Program Files\JetBrains\IntelliJ IDEA 2021.1.3\plugins\maven\lib\maven3\bin;
USERNAME=popov
OS=Windows_NT
PROCESSOR_IDENTIFIER=AMD64 Family 16 Model 4 Stepping 3, AuthenticAMD



---------------  S Y S T E M  ---------------

OS:
 Windows 10 , 64 bit Build 19041 (10.0.19041.1)
OS uptime: 3 days 2:04 hours

CPU: total 4 (initial active 4) (4 cores per cpu, 1 threads per core) family 16 model 4 stepping 3 microcode 0x0, cmov, cx8, fxsr, mmx, sse, sse2, sse3, popcnt, 3dnowpref, lzcnt, sse4a, tsc, tscinvbit, tscinv, clflush

Memory: 4k page, system-wide physical 16349M (3656M free)
TotalPageFile size 16349M (AvailPageFile size 214M)
current process WorkingSet (physical memory assigned to process): 10M, peak: 10M
current process commit charge ("private bytes"): 52M, peak: 308M

vm_info: Java HotSpot(TM) 64-Bit Server VM (15.0.2+7-27) for windows-amd64 JRE (15.0.2+7-27), built on Dec  7 2020 20:07:01 by "mach5one" with unknown MS VC++:1925

END.
